cl : 命令行 warning D9007: “/Gm”需要“/Zi 或 /ZI”；选项被忽略
  StdAfx.cpp
  _WIN32_WINNT not defined. Defaulting to _WIN32_WINNT_MAXVER (see WinSDKVer.h)
cl : 命令行 warning D9007: “/Gm”需要“/Zi 或 /ZI”；选项被忽略
  ChatPacket.cpp
c:\users\administrator\desktop\07\7.9\server\chatpacket.cpp(55): warning C4244: “初始化”: 从“__time64_t”转换到“long”，可能丢失数据
  ClientSocket.cpp
  ListenSocket.cpp
  Server.cpp
c:\users\administrator\desktop\07\7.9\server\server.cpp(58): warning C4996: 'CWinApp::Enable3dControls': CWinApp::Enable3dControls is no longer needed. You should remove this call.
  c:\program files (x86)\microsoft visual studio\2017\community\vc\tools\msvc\14.13.26128\atlmfc\include\afxwin.h(5229): note: 参见“CWinApp::Enable3dControls”的声明
  ServerAddressDlg.cpp
  ServerDlg.cpp
c:\users\administrator\desktop\07\7.9\server\serverdlg.cpp(159): warning C4996: 'inet_ntoa': Use inet_ntop() or InetNtop() instead or define _WINSOCK_DEPRECATED_NO_WARNINGS to disable deprecated API warnings
  c:\program files (x86)\windows kits\10\include\10.0.16299.0\um\winsock2.h(1848): note: 参见“inet_ntoa”的声明
c:\users\administrator\desktop\07\7.9\server\serverdlg.cpp(245): warning C4996: 'inet_ntoa': Use inet_ntop() or InetNtop() instead or define _WINSOCK_DEPRECATED_NO_WARNINGS to disable deprecated API warnings
  c:\program files (x86)\windows kits\10\include\10.0.16299.0\um\winsock2.h(1848): note: 参见“inet_ntoa”的声明
c:\users\administrator\desktop\07\7.9\server\serverdlg.cpp(294): warning C4996: 'inet_ntoa': Use inet_ntop() or InetNtop() instead or define _WINSOCK_DEPRECATED_NO_WARNINGS to disable deprecated API warnings
  c:\program files (x86)\windows kits\10\include\10.0.16299.0\um\winsock2.h(1848): note: 参见“inet_ntoa”的声明
c:\users\administrator\desktop\07\7.9\server\serverdlg.cpp(372): warning C4996: 'inet_addr': Use inet_pton() or InetPton() instead or define _WINSOCK_DEPRECATED_NO_WARNINGS to disable deprecated API warnings
  c:\program files (x86)\windows kits\10\include\10.0.16299.0\um\winsock2.h(1830): note: 参见“inet_addr”的声明
c:\users\administrator\desktop\07\7.9\server\serverdlg.cpp(806): warning C4996: 'inet_ntoa': Use inet_ntop() or InetNtop() instead or define _WINSOCK_DEPRECATED_NO_WARNINGS to disable deprecated API warnings
  c:\program files (x86)\windows kits\10\include\10.0.16299.0\um\winsock2.h(1848): note: 参见“inet_ntoa”的声明
  UserInfo.cpp
c:\users\administrator\desktop\07\7.9\server\userinfo.cpp(63): warning C4244: “初始化”: 从“__time64_t”转换到“long”，可能丢失数据
  正在生成代码...
  Server.vcxproj -> C:\Users\Administrator\Desktop\07\7.9\Server\.\Debug\Server.exe
